<?xml version="1.0" encoding="UTF-8"?>
<!-- Generated by org.testng.reporters.JUnitReportReporter -->
<testsuite hostname="DESKTOP-P4N5PI2" failures="0" tests="9" name="com.team3.TestRunner.TestRunner" time="36.708" errors="0" timestamp="2022-07-06T23:04:00 IST" skipped="0">
  <testcase classname="com.team3.TestRunner.TestRunner" name="feature" time="0.867"/>
  <system-out/>
  <testcase classname="com.team3.TestRunner.TestRunner" name="feature" time="3.916"/>
  <system-out/>
  <testcase classname="com.team3.TestRunner.TestRunner" name="feature" time="0.840"/>
  <system-out/>
  <testcase classname="com.team3.TestRunner.TestRunner" name="feature" time="8.214"/>
  <system-out/>
  <testcase classname="com.team3.TestRunner.TestRunner" name="feature" time="3.906"/>
  <system-out/>
  <testcase classname="com.team3.TestRunner.TestRunner" name="feature" time="5.338"/>
  <system-out/>
  <testcase classname="com.team3.TestRunner.TestRunner" name="feature" time="0.902"/>
  <system-out/>
  <testcase classname="com.team3.TestRunner.TestRunner" name="feature" time="3.816"/>
  <system-out/>
  <testcase classname="com.team3.TestRunner.TestRunner" name="feature" time="8.909"/>
  <system-out/>
</testsuite> <!-- com.team3.TestRunner.TestRunner -->
