<?xml version="1.0" encoding="UTF-8"?>
<!-- Generated by org.testng.reporters.JUnitReportReporter -->
<testsuite hostname="DESKTOP-P4N5PI2" failures="0" tests="1" name="com.team3.TestRunner.functionTestRunner" time="8.862" errors="0" timestamp="2022-07-06T23:04:00 IST" skipped="0">
  <testcase classname="com.team3.TestRunner.functionTestRunner" name="feature" time="8.862"/>
  <system-out/>
</testsuite> <!-- com.team3.TestRunner.functionTestRunner -->
